<?xml version="1.0" encoding="UTF-8"?>
<testsuite name="map.MapTest" time="0.376" tests="21" errors="0" skipped="0" failures="0">
  <properties>
[...]
</properties>
  <testcase name="testGetWidth" classname="map.MapTest" time="0"/>
  <testcase name="testUpdateRock" classname="map.MapTest" time="0.025"/>
  <testcase name="testDeleteDiamond" classname="map.MapTest" time="0.036"/>
  <testcase name="testGetResultset" classname="map.MapTest" time="0.04"/>
  <testcase name="testUpdateDiamonds" classname="map.MapTest" time="0.034"/>
  <testcase name="testGetAccountDiamond" classname="map.MapTest" time="0.017"/>
  <testcase name="testSetDaoboulderdash" classname="map.MapTest" time="0.017"/>
  <testcase name="testGetDiamPlayer" classname="map.MapTest" time="0.021"/>
  <testcase name="testSetElement" classname="map.MapTest" time="0.02"/>
  <testcase name="testSetResultset" classname="map.MapTest" time="0.022"/>
  <testcase name="testGetDaoboulderdash" classname="map.MapTest" time="0.015"/>
  <testcase name="testSetHeight" classname="map.MapTest" time="0.015"/>
  <testcase name="testSetDiamPlayer" classname="map.MapTest" time="0.015"/>
  <testcase name="testSetMobile" classname="map.MapTest" time="0.013"/>
  <testcase name="testGetHeight" classname="map.MapTest" time="0.012"/>
  <testcase name="testGetOnTheMapXY" classname="map.MapTest" time="0.014"/>
  <testcase name="testGetMobile" classname="map.MapTest" time="0.012"/>
  <testcase name="testGetXYDoor" classname="map.MapTest" time="0.012"/>
  <testcase name="testSetTab" classname="map.MapTest" time="0.015"/>
  <testcase name="testSetOnTheMapXY" classname="map.MapTest" time="0.011"/>
  <testcase name="testSetWidth" classname="map.MapTest" time="0.01"/>
</testsuite>