<?xml version="1.0" encoding="UTF-8"?>
<testsuite name="map.DBConnectionTest" time="0.002" tests="8" errors="0" skipped="0" failures="8">
  <properties>
[...]
</properties>
  <testcase name="testSetPassword" classname="map.DBConnectionTest" time="0.002">
    <failure message="Not yet implemented" type="java.lang.AssertionError">java.lang.AssertionError: Not yet implemented
	at org.junit.Assert.fail(Assert.java:88)
	at map.DBConnectionTest.testSetPassword(DBConnectionTest.java:102)
</failure>
  </testcase>
  <testcase name="testGetPassword" classname="map.DBConnectionTest" time="0">
    <failure message="Not yet implemented" type="java.lang.AssertionError">java.lang.AssertionError: Not yet implemented
	at org.junit.Assert.fail(Assert.java:88)
	at map.DBConnectionTest.testGetPassword(DBConnectionTest.java:94)
</failure>
  </testcase>
  <testcase name="testGetLogin" classname="map.DBConnectionTest" time="0">
    <failure message="Not yet implemented" type="java.lang.AssertionError">java.lang.AssertionError: Not yet implemented
	at org.junit.Assert.fail(Assert.java:88)
	at map.DBConnectionTest.testGetLogin(DBConnectionTest.java:78)
</failure>
  </testcase>
  <testcase name="testGetConnection" classname="map.DBConnectionTest" time="0">
    <failure message="Not yet implemented" type="java.lang.AssertionError">java.lang.AssertionError: Not yet implemented
	at org.junit.Assert.fail(Assert.java:88)
	at map.DBConnectionTest.testGetConnection(DBConnectionTest.java:110)
</failure>
  </testcase>
  <testcase name="testGetUrl" classname="map.DBConnectionTest" time="0">
    <failure message="Not yet implemented" type="java.lang.AssertionError">java.lang.AssertionError: Not yet implemented
	at org.junit.Assert.fail(Assert.java:88)
	at map.DBConnectionTest.testGetUrl(DBConnectionTest.java:62)
</failure>
  </testcase>
  <testcase name="testSetUrl" classname="map.DBConnectionTest" time="0">
    <failure message="Not yet implemented" type="java.lang.AssertionError">java.lang.AssertionError: Not yet implemented
	at org.junit.Assert.fail(Assert.java:88)
	at map.DBConnectionTest.testSetUrl(DBConnectionTest.java:70)
</failure>
  </testcase>
  <testcase name="testGetInstance" classname="map.DBConnectionTest" time="0">
    <failure message="Not yet implemented" type="java.lang.AssertionError">java.lang.AssertionError: Not yet implemented
	at org.junit.Assert.fail(Assert.java:88)
	at map.DBConnectionTest.testGetInstance(DBConnectionTest.java:54)
</failure>
  </testcase>
  <testcase name="testSetLogin" classname="map.DBConnectionTest" time="0">
    <failure message="Not yet implemented" type="java.lang.AssertionError">java.lang.AssertionError: Not yet implemented
	at org.junit.Assert.fail(Assert.java:88)
	at map.DBConnectionTest.testSetLogin(DBConnectionTest.java:86)
</failure>
  </testcase>
</testsuite>